<?xml version="1.0" encoding="UTF-8"?>
<!-- Generated by org.testng.reporters.JUnitXMLReporter -->
<testsuite hostname="LM-AUN-11022030" name="Surefire test" tests="2" failures="0" timestamp="3 Nov 2020 05:43:46 GMT" time="0.014" errors="0">
  <testcase name="@BeforeMethod setup" time="0.0" classname="Testsuite.BaseTests">
    <failure type="org.testng.TestNGException" message="
Parameter &amp;apos;browser&amp;apos; is required by @Configuration on method setup but has not been marked @Optional or defined
">
      <![CDATA[org.testng.TestNGException: 
Parameter 'browser' is required by @Configuration on method setup but has not been marked @Optional or defined

	at org.apache.maven.surefire.testng.TestNGExecutor.run(TestNGExecutor.java:136)
	at org.apache.maven.surefire.testng.TestNGDirectoryTestSuite.executeSingleClass(TestNGDirectoryTestSuite.java:112)
	at org.apache.maven.surefire.testng.TestNGDirectoryTestSuite.execute(TestNGDirectoryTestSuite.java:99)
	at org.apache.maven.surefire.testng.TestNGProvider.invoke(TestNGProvider.java:145)
	at org.apache.maven.surefire.booter.ForkedBooter.runSuitesInProcess(ForkedBooter.java:428)
	at org.apache.maven.surefire.booter.ForkedBooter.execute(ForkedBooter.java:162)
	at org.apache.maven.surefire.booter.ForkedBooter.run(ForkedBooter.java:562)
	at org.apache.maven.surefire.booter.ForkedBooter.main(ForkedBooter.java:548)
... Removed 20 stack frames]]>
    </failure>
  </testcase> <!-- @BeforeMethod setup -->
  <testcase name="@AfterMethod TearDown" time="0.0" classname="Testsuite.BaseTests">
    <skipped/>
  </testcase> <!-- @AfterMethod TearDown -->
  <testcase name="navigate_to_home_page" time="0.003" classname="Testsuite.BaseTests">
    <skipped/>
  </testcase> <!-- navigate_to_home_page -->
  <testcase name="DataDrivenTesting" time="0.002" classname="Testsuite.BaseTests">
    <skipped/>
  </testcase> <!-- DataDrivenTesting -->
</testsuite> <!-- Surefire test -->
